<?xml version="1.0" encoding="UTF-8"?>
<testng-results skipped="0" failed="0" ignored="0" total="1" passed="1">
  <reporter-output>
  </reporter-output>
  <suite name="Suite" duration-ms="12353" started-at="2019-02-17T20:12:11Z" finished-at="2019-02-17T20:12:23Z">
    <groups>
    </groups>
    <test name="Test" duration-ms="12353" started-at="2019-02-17T20:12:11Z" finished-at="2019-02-17T20:12:23Z">
      <class name="com.banking.runner.HomePageTest">
        <test-method status="PASS" signature="setUp()[pri:0, instance:com.banking.runner.HomePageTest@223d2c72]" name="setUp" is-config="true" duration-ms="10931" started-at="2019-02-17T20:12:11Z" finished-at="2019-02-17T20:12:22Z">
          <reporter-output>
          </reporter-output>
        </test-method> <!-- setUp -->
        <test-method status="PASS" signature="loginPageTest()[pri:0, instance:com.banking.runner.HomePageTest@223d2c72]" name="loginPageTest" duration-ms="321" started-at="2019-02-17T20:12:22Z" finished-at="2019-02-17T20:12:23Z">
          <reporter-output>
          </reporter-output>
        </test-method> <!-- loginPageTest -->
        <test-method status="PASS" signature="tearDown()[pri:0, instance:com.banking.runner.HomePageTest@223d2c72]" name="tearDown" is-config="true" duration-ms="695" started-at="2019-02-17T20:12:23Z" finished-at="2019-02-17T20:12:23Z">
          <reporter-output>
          </reporter-output>
        </test-method> <!-- tearDown -->
      </class> <!-- com.banking.runner.HomePageTest -->
    </test> <!-- Test -->
  </suite> <!-- Suite -->
</testng-results>
